* using log directory 'd:/svn/MyR/rgl/..Rcheck'
* using R version 2.5.0 Under development (unstable) (2006-10-06 r39594)
* checking for file './DESCRIPTION' ... OK
* this is package 'rgl' version '0.68.529'
* checking package dependencies ... OK
* checking if this is a source package ... WARNING
Subdirectory './src' contains object files.
* checking whether package 'rgl' can be installed ... OK
* checking package directory ... OK
* checking for portable file names ... OK
* checking DESCRIPTION meta-information ... OK
* checking top-level files ... OK
* checking index information ... OK
* checking package subdirectories ... OK
* checking R files for syntax errors ... OK
* checking R files for non-ASCII characters ... OK
* checking whether the package can be loaded ... OK
* checking whether the package can be loaded with stated dependencies ... OK
* checking whether the name space can be loaded with stated dependencies ... OK
* checking S3 generic/method consistency ... OK
* checking replacement functions ... OK
* checking foreign function calls ... OK
* checking R code for possible problems ... OK
* checking Rd files ... OK
* checking Rd cross-references ... OK
* checking for missing documentation entries ... OK
* checking for code/documentation mismatches ... OK
* checking Rd \usage sections ... OK
* checking for CRLF line endings in C/C++/Fortran sources/headers ... OK
* checking for portable compilation flags in Makevars ... OK
* checking for portable use of $BLAS_LIBS ... OK
* creating rgl-Ex.R ... OK
* checking examples ... OK
* checking tests ... OK
* creating rgl-manual.tex ... OK
* checking rgl-manual.tex ... OK
