installing R.css in d:/svn/MyR/rgl/..Rcheck


---------- Making package rgl ------------
  configure.win32...
  checking for libpng...yes
---------- win32 configuration: ----------
CPPFLAGS =  -If:/R/svn/r-devel/R/src/extra/zlib -DHAVE_PNG_H -If:/R/svn/r-devel/R/src/gnuwin32/bitmap/libpng 
CFLAGS   = 
CXXFLAGS = -fno-exceptions -fno-rtti
LIBS     = -lgdi32 -lopengl32 -lglu32 -Lf:/R/svn/r-devel/R/src/gnuwin32/bitmap/libpng -lpng -Lf:/R/svn/r-devel/R/src/extra/zlib -lz
------------------------------------------  
  adding build stamp to DESCRIPTION
  installing NAMESPACE file and metadata
  making DLL ...
  ... DLL made
  installing DLL
  installing R files
  installing demos
  installing inst files
  installing man source files
  installing indices
  installing help
 >>> Building/Updating help pages for package 'rgl'
     Formats: text html latex example chm 
  3dobjects                         text    html    latex   example
  aspect3d                          text    html    latex   example
  axes3d                            text    html    latex   example
  bbox                              text    html    latex   example
  bg                                text    html    latex   example
  ellipse3d                         text    html    latex   example
  grid3d                            text    html    latex   example
  light                             text    html    latex
  material                          text    html    latex   example
  matrices                          text    html    latex   example
  par3d                             text    html    latex   example
  persp3d                           text    html    latex   example
  plot3d                            text    html    latex   example
  postscript                        text    html    latex   example
  primitive                         text    html    latex   example
  qmesh3d                           text    html    latex   example
  r3d                               text    html    latex   example
  rgl-internal                      text    html    latex
  rgl-package                       text    html    latex   example
  rgl.bringtotop                    text    html    latex   example
  rgl.user2window                   text    html    latex   example
  scene                             text    html    latex   example
  select3d                          text    html    latex   example
  snapshot                          text    html    latex   example
  spheres                           text    html    latex   example
  sprites                           text    html    latex   example
  subdivision3d                     text    html    latex   example
  surface                           text    html    latex   example
  surface3d                         text    html    latex   example
  texts                             text    html    latex   example
  viewpoint                         text    html    latex   example
  preparing package rgl for lazy loading
  adding MD5 sums

* DONE (rgl)
