\BOOKMARK [1][-]{Rfn.points3d.1}{points3d}{}
\BOOKMARK [1][-]{Rfn.aspect3d.1}{aspect3d}{}
\BOOKMARK [1][-]{Rfn.axes3d.1}{axes3d}{}
\BOOKMARK [1][-]{Rfn.rgl.bbox.1}{rgl.bbox}{}
\BOOKMARK [1][-]{Rfn.bg.1}{bg}{}
\BOOKMARK [1][-]{Rfn.ellipse3d.1}{ellipse3d}{}
\BOOKMARK [1][-]{Rfn.grid3d.1}{grid3d}{}
\BOOKMARK [1][-]{Rfn.light.1}{light}{}
\BOOKMARK [1][-]{Rfn.rgl.material.1}{rgl.material}{}
\BOOKMARK [1][-]{Rfn.matrices.1}{matrices}{}
\BOOKMARK [1][-]{Rfn.par3d.1}{par3d}{}
\BOOKMARK [1][-]{Rfn.persp3d.1}{persp3d}{}
\BOOKMARK [1][-]{Rfn.plot3d.1}{plot3d}{}
\BOOKMARK [1][-]{Rfn.rgl.postscript.1}{rgl.postscript}{}
\BOOKMARK [1][-]{Rfn.rgl.primitive.1}{rgl.primitive}{}
\BOOKMARK [1][-]{Rfn.qmesh3d.1}{qmesh3d}{}
\BOOKMARK [1][-]{Rfn.r3d.1}{r3d}{}
\BOOKMARK [1][-]{Rfn.rgl.Rdash.internal.1}{rgl-internal}{}
\BOOKMARK [1][-]{Rfn.rgl.Rdash.package.1}{rgl-package}{}
\BOOKMARK [1][-]{Rfn.rgl.bringtotop.1}{rgl.bringtotop}{}
\BOOKMARK [1][-]{Rfn.rgl.user2window.1}{rgl.user2window}{}
\BOOKMARK [1][-]{Rfn.scene.1}{scene}{}
\BOOKMARK [1][-]{Rfn.select3d.1}{select3d}{}
\BOOKMARK [1][-]{Rfn.rgl.snapshot.1}{rgl.snapshot}{}
\BOOKMARK [1][-]{Rfn.spheres.1}{spheres}{}
\BOOKMARK [1][-]{Rfn.sprites.1}{sprites}{}
\BOOKMARK [1][-]{Rfn.subdivision3d.1}{subdivision3d}{}
\BOOKMARK [1][-]{Rfn.rgl.surface.1}{rgl.surface}{}
\BOOKMARK [1][-]{Rfn.surface3d.1}{surface3d}{}
\BOOKMARK [1][-]{Rfn.texts.1}{texts}{}
\BOOKMARK [1][-]{Rfn.viewpoint.1}{viewpoint}{}
